  scene_app.cpp
.\states.h(10,6): warning 1700: class "baseState" has virtual functions but non-virtual destructor
  
.\Menu.h(18,6): warning 1700: class "Menu" has virtual functions but non-virtual destructor
  
.\Level.h(25,6): warning 1700: class "Level" has virtual functions but non-virtual destructor
  
.\Intro.h(18,6): warning 1700: class "Intro" has virtual functions but non-virtual destructor
  
  Intro.cpp
E:\Abertay\Year 2\CMP208 - Game Prog & Sys Architectures\Grapnel Garry\build\vs2017\states.h(10,6): warning 1700: class "baseState" has virtual functions but non-virtual destructor
  
E:\Abertay\Year 2\CMP208 - Game Prog & Sys Architectures\Grapnel Garry\build\vs2017\Intro.h(18,6): warning 1700: class "Intro" has virtual functions but non-virtual destructor
  
E:\Abertay\Year 2\CMP208 - Game Prog & Sys Architectures\Grapnel Garry\build\vs2017\Level.h(25,6): warning 1700: class "Level" has virtual functions but non-virtual destructor
  
E:\Abertay\Year 2\CMP208 - Game Prog & Sys Architectures\Grapnel Garry\build\vs2017\Controls.h(17,6): warning 1700: class "Controls" has virtual functions but non-virtual destructor
  
E:\Abertay\Year 2\CMP208 - Game Prog & Sys Architectures\Grapnel Garry\build\vs2017\Menu.h(18,6): warning 1700: class "Menu" has virtual functions but non-virtual destructor
  
  Level.cpp
E:\Abertay\Year 2\CMP208 - Game Prog & Sys Architectures\Grapnel Garry\build\vs2017\states.h(10,6): warning 1700: class "baseState" has virtual functions but non-virtual destructor
  
E:\Abertay\Year 2\CMP208 - Game Prog & Sys Architectures\Grapnel Garry\build\vs2017\Level.h(25,6): warning 1700: class "Level" has virtual functions but non-virtual destructor
  
E:\Abertay\Year 2\CMP208 - Game Prog & Sys Architectures\Grapnel Garry\build\vs2017\menu.h(18,6): warning 1700: class "Menu" has virtual functions but non-virtual destructor
  
E:\Abertay\Year 2\CMP208 - Game Prog & Sys Architectures\Grapnel Garry\build\vs2017\Level.cpp(892): warning 942: missing return statement at end of non-void function "Level::ChangeFace"
  
  Menu.cpp
E:\Abertay\Year 2\CMP208 - Game Prog & Sys Architectures\Grapnel Garry\build\vs2017\states.h(10,6): warning 1700: class "baseState" has virtual functions but non-virtual destructor
  
E:\Abertay\Year 2\CMP208 - Game Prog & Sys Architectures\Grapnel Garry\build\vs2017\Menu.h(18,6): warning 1700: class "Menu" has virtual functions but non-virtual destructor
  
E:\Abertay\Year 2\CMP208 - Game Prog & Sys Architectures\Grapnel Garry\build\vs2017\Level.h(25,6): warning 1700: class "Level" has virtual functions but non-virtual destructor
  
E:\Abertay\Year 2\CMP208 - Game Prog & Sys Architectures\Grapnel Garry\build\vs2017\Controls.h(17,6): warning 1700: class "Controls" has virtual functions but non-virtual destructor
  
  scene_app.vcxproj -> E:\Abertay\Year 2\CMP208 - Game Prog & Sys Architectures\Grapnel Garry\build\vs2017\PSVita\Debug\scene_app.self
