c:\users\ollie\desktop\grapnel garry\grapnel garry\build\vs2017\x64\debug\vc141.pdb
c:\users\ollie\desktop\grapnel garry\grapnel garry\build\vs2017\x64\debug\vc141.idb
c:\users\ollie\desktop\grapnel garry\grapnel garry\build\vs2017\x64\debug\surface.obj
c:\users\ollie\desktop\grapnel garry\grapnel garry\build\vs2017\x64\debug\rope.obj
c:\users\ollie\desktop\grapnel garry\grapnel garry\build\vs2017\x64\debug\raycast.obj
c:\users\ollie\desktop\grapnel garry\grapnel garry\build\vs2017\x64\debug\player.obj
c:\users\ollie\desktop\grapnel garry\grapnel garry\build\vs2017\x64\debug\level.obj
c:\users\ollie\desktop\grapnel garry\grapnel garry\build\vs2017\x64\debug\camera.obj
c:\users\ollie\desktop\grapnel garry\grapnel garry\build\vs2017\x64\debug\scene_app.obj
c:\users\ollie\desktop\grapnel garry\grapnel garry\build\vs2017\x64\debug\primitive_builder.obj
c:\users\ollie\desktop\grapnel garry\grapnel garry\build\vs2017\x64\debug\main_d3d11.obj
c:\users\ollie\desktop\grapnel garry\grapnel garry\build\vs2017\x64\debug\game_object.obj
c:\users\ollie\desktop\grapnel garry\grapnel garry\build\vs2017\x64\debug\audiolistener.obj
c:\users\ollie\desktop\grapnel garry\grapnel garry\build\vs2017\x64\debug\audioemitter.obj
c:\users\ollie\desktop\grapnel garry\grapnel garry\build\vs2017\x64\debug\audio3d.obj
c:\users\ollie\desktop\grapnel garry\grapnel garry\build\vs2017\x64\debug\loadtexture.obj
c:\users\ollie\desktop\grapnel garry\grapnel garry\build\vs2017\x64\debug\gamestates.obj
c:\users\ollie\desktop\grapnel garry\grapnel garry\build\vs2017\x64\debug\scene_app.exe
c:\users\ollie\desktop\grapnel garry\grapnel garry\build\vs2017\x64\debug\scene_app.ilk
c:\users\ollie\desktop\grapnel garry\grapnel garry\build\vs2017\x64\debug\scene_app.pdb
c:\users\ollie\desktop\grapnel garry\grapnel garry\build\vs2017\x64\debug\debugdrawer.obj
c:\users\ollie\desktop\grapnel garry\grapnel garry\build\vs2017\x64\debug\main_d3d11.obj.enc
c:\users\ollie\desktop\grapnel garry\grapnel garry\build\vs2017\x64\debug\rope.obj.enc
c:\users\ollie\desktop\grapnel garry\grapnel garry\build\vs2017\x64\debug\scene_app.obj.enc
c:\users\ollie\desktop\grapnel garry\grapnel garry\build\vs2017\x64\debug\vc142.idb
c:\users\ollie\desktop\grapnel garry\grapnel garry\build\vs2017\x64\debug\box2d.pdb
c:\users\ollie\desktop\grapnel garry\grapnel garry\build\vs2017\x64\debug\gef.pdb
c:\users\ollie\desktop\grapnel garry\grapnel garry\build\vs2017\x64\debug\gef_d3d11.pdb
c:\users\ollie\desktop\grapnel garry\grapnel garry\build\vs2017\x64\debug\gef_win32.pdb
c:\users\ollie\desktop\grapnel garry\grapnel garry\build\vs2017\x64\debug\libpng.pdb
c:\users\ollie\desktop\grapnel garry\grapnel garry\build\vs2017\x64\debug\vc142.pdb
c:\users\ollie\desktop\grapnel garry\grapnel garry\build\vs2017\x64\debug\zlib.pdb
c:\users\ollie\desktop\grapnel garry\grapnel garry\build\vs2017\x64\debug\scene_app.tlog\cl.command.1.tlog
c:\users\ollie\desktop\grapnel garry\grapnel garry\build\vs2017\x64\debug\scene_app.tlog\cl.read.1.tlog
c:\users\ollie\desktop\grapnel garry\grapnel garry\build\vs2017\x64\debug\scene_app.tlog\cl.write.1.tlog
c:\users\ollie\desktop\grapnel garry\grapnel garry\build\vs2017\x64\debug\scene_app.tlog\link.command.1.tlog
c:\users\ollie\desktop\grapnel garry\grapnel garry\build\vs2017\x64\debug\scene_app.tlog\link.read.1.tlog
c:\users\ollie\desktop\grapnel garry\grapnel garry\build\vs2017\x64\debug\scene_app.tlog\link.write.1.tlog
